-------------------------------------------------------------------------------
Test set: QuizDemo.QuizDemoApplicationTests
-------------------------------------------------------------------------------
Tests run: 1, Failures: 0, Errors: 1, Skipped: 0, Time elapsed: 0.396 s <<< FAILURE! - in QuizDemo.QuizDemoApplicationTests
QuizDemo.QuizDemoApplicationTests  Time elapsed: 0.387 s  <<< ERROR!
java.lang.IllegalStateException: Unable to find a @SpringBootConfiguration, you need to use @ContextConfiguration or @SpringBootTest(classes=...) with your test

