<?xml version="1.0" encoding="UTF-8"?>
<testsuite xmlns:xsi="http://www.w3.org/2001/XMLSchema-instance" xsi:noNamespaceSchemaLocation="https://maven.apache.org/surefire/maven-surefire-plugin/xsd/surefire-test-report.xsd" name="QuizDemo.QuizDemoApplicationTests" time="0.396" tests="1" errors="1" skipped="0" failures="0">
  <properties>
[...]
</properties>
  <testcase name="QuizDemo.QuizDemoApplicationTests" classname="QuizDemo.QuizDemoApplicationTests" time="0.387">
    <error message="Unable to find a @SpringBootConfiguration, you need to use @ContextConfiguration or @SpringBootTest(classes=...) with your test" type="java.lang.IllegalStateException">java.lang.IllegalStateException: Unable to find a @SpringBootConfiguration, you need to use @ContextConfiguration or @SpringBootTest(classes=...) with your test
</error>
    <system-out><![CDATA[16:32:53.368 [main] DEBUG org.springframework.test.context.BootstrapUtils - Instantiating CacheAwareContextLoaderDelegate from class [org.springframework.test.context.cache.DefaultCacheAwareContextLoaderDelegate]
16:32:53.388 [main] DEBUG org.springframework.test.context.BootstrapUtils - Instantiating BootstrapContext using constructor [public org.springframework.test.context.support.DefaultBootstrapContext(java.lang.Class,org.springframework.test.context.CacheAwareContextLoaderDelegate)]
16:32:53.448 [main] DEBUG org.springframework.test.context.BootstrapUtils - Instantiating TestContextBootstrapper for test class [QuizDemo.QuizDemoApplicationTests] from class [org.springframework.boot.test.context.SpringBootTestContextBootstrapper]
16:32:53.484 [main] INFO org.springframework.boot.test.context.SpringBootTestContextBootstrapper - Neither @ContextConfiguration nor @ContextHierarchy found for test class [QuizDemo.QuizDemoApplicationTests], using SpringBootContextLoader
16:32:53.488 [main] DEBUG org.springframework.test.context.support.AbstractContextLoader - Did not detect default resource location for test class [QuizDemo.QuizDemoApplicationTests]: class path resource [QuizDemo/QuizDemoApplicationTests-context.xml] does not exist
16:32:53.489 [main] DEBUG org.springframework.test.context.support.AbstractContextLoader - Did not detect default resource location for test class [QuizDemo.QuizDemoApplicationTests]: class path resource [QuizDemo/QuizDemoApplicationTestsContext.groovy] does not exist
16:32:53.489 [main] INFO org.springframework.test.context.support.AbstractContextLoader - Could not detect default resource locations for test class [QuizDemo.QuizDemoApplicationTests]: no resource found for suffixes {-context.xml, Context.groovy}.
16:32:53.490 [main] INFO org.springframework.test.context.support.AnnotationConfigContextLoaderUtils - Could not detect default configuration classes for test class [QuizDemo.QuizDemoApplicationTests]: QuizDemoApplicationTests does not declare any static, non-private, non-final, nested classes annotated with @Configuration.
16:32:53.545 [main] DEBUG org.springframework.test.context.support.ActiveProfilesUtils - Could not find an 'annotation declaring class' for annotation type [org.springframework.test.context.ActiveProfiles] and class [QuizDemo.QuizDemoApplicationTests]
16:32:53.584 [main] DEBUG org.springframework.test.context.BootstrapUtils - Instantiating CacheAwareContextLoaderDelegate from class [org.springframework.test.context.cache.DefaultCacheAwareContextLoaderDelegate]
16:32:53.584 [main] DEBUG org.springframework.test.context.BootstrapUtils - Instantiating BootstrapContext using constructor [public org.springframework.test.context.support.DefaultBootstrapContext(java.lang.Class,org.springframework.test.context.CacheAwareContextLoaderDelegate)]
16:32:53.585 [main] DEBUG org.springframework.test.context.BootstrapUtils - Instantiating TestContextBootstrapper for test class [QuizDemo.QuizDemoApplicationTests] from class [org.springframework.boot.test.context.SpringBootTestContextBootstrapper]
16:32:53.585 [main] INFO org.springframework.boot.test.context.SpringBootTestContextBootstrapper - Neither @ContextConfiguration nor @ContextHierarchy found for test class [QuizDemo.QuizDemoApplicationTests], using SpringBootContextLoader
16:32:53.585 [main] DEBUG org.springframework.test.context.support.AbstractContextLoader - Did not detect default resource location for test class [QuizDemo.QuizDemoApplicationTests]: class path resource [QuizDemo/QuizDemoApplicationTests-context.xml] does not exist
16:32:53.586 [main] DEBUG org.springframework.test.context.support.AbstractContextLoader - Did not detect default resource location for test class [QuizDemo.QuizDemoApplicationTests]: class path resource [QuizDemo/QuizDemoApplicationTestsContext.groovy] does not exist
16:32:53.586 [main] INFO org.springframework.test.context.support.AbstractContextLoader - Could not detect default resource locations for test class [QuizDemo.QuizDemoApplicationTests]: no resource found for suffixes {-context.xml, Context.groovy}.
16:32:53.586 [main] INFO org.springframework.test.context.support.AnnotationConfigContextLoaderUtils - Could not detect default configuration classes for test class [QuizDemo.QuizDemoApplicationTests]: QuizDemoApplicationTests does not declare any static, non-private, non-final, nested classes annotated with @Configuration.
16:32:53.591 [main] DEBUG org.springframework.test.context.support.ActiveProfilesUtils - Could not find an 'annotation declaring class' for annotation type [org.springframework.test.context.ActiveProfiles] and class [QuizDemo.QuizDemoApplicationTests]
16:32:53.597 [main] DEBUG org.springframework.test.context.BootstrapUtils - Instantiating CacheAwareContextLoaderDelegate from class [org.springframework.test.context.cache.DefaultCacheAwareContextLoaderDelegate]
16:32:53.597 [main] DEBUG org.springframework.test.context.BootstrapUtils - Instantiating BootstrapContext using constructor [public org.springframework.test.context.support.DefaultBootstrapContext(java.lang.Class,org.springframework.test.context.CacheAwareContextLoaderDelegate)]
16:32:53.599 [main] DEBUG org.springframework.test.context.BootstrapUtils - Instantiating TestContextBootstrapper for test class [QuizDemo.QuizDemoApplicationTests] from class [org.springframework.boot.test.context.SpringBootTestContextBootstrapper]
16:32:53.602 [main] INFO org.springframework.boot.test.context.SpringBootTestContextBootstrapper - Neither @ContextConfiguration nor @ContextHierarchy found for test class [QuizDemo.QuizDemoApplicationTests], using SpringBootContextLoader
16:32:53.604 [main] DEBUG org.springframework.test.context.support.AbstractContextLoader - Did not detect default resource location for test class [QuizDemo.QuizDemoApplicationTests]: class path resource [QuizDemo/QuizDemoApplicationTests-context.xml] does not exist
16:32:53.605 [main] DEBUG org.springframework.test.context.support.AbstractContextLoader - Did not detect default resource location for test class [QuizDemo.QuizDemoApplicationTests]: class path resource [QuizDemo/QuizDemoApplicationTestsContext.groovy] does not exist
16:32:53.605 [main] INFO org.springframework.test.context.support.AbstractContextLoader - Could not detect default resource locations for test class [QuizDemo.QuizDemoApplicationTests]: no resource found for suffixes {-context.xml, Context.groovy}.
16:32:53.605 [main] INFO org.springframework.test.context.support.AnnotationConfigContextLoaderUtils - Could not detect default configuration classes for test class [QuizDemo.QuizDemoApplicationTests]: QuizDemoApplicationTests does not declare any static, non-private, non-final, nested classes annotated with @Configuration.
16:32:53.609 [main] DEBUG org.springframework.test.context.support.ActiveProfilesUtils - Could not find an 'annotation declaring class' for annotation type [org.springframework.test.context.ActiveProfiles] and class [QuizDemo.QuizDemoApplicationTests]
]]></system-out>
  </testcase>
</testsuite>